<?xml version="1.0" encoding="UTF-8"?>
<!-- Generated by org.testng.reporters.JUnitXMLReporter -->
<testsuite hostname="EIHQSYS48354L" ignored="0" name="Default test" tests="3" failures="0" timestamp="21 Aug 2018 10:26:51 GMT" time="29.057" errors="0">
  <testcase name="cancelbtnClickTest" time="1.971" classname="com.qa.cpl.test.HomePageTest"/>
  <testcase name="verifyHomePageTitleTest" time="0.007" classname="com.qa.cpl.test.HomePageTest"/>
  <testcase name="clickOnProfileLinksTest" time="1.295" classname="com.qa.cpl.test.HomePageTest"/>
</testsuite> <!-- Default test -->
