<?xml version="1.0" encoding="UTF-8"?>
<testng-results skipped="0" failed="0" ignored="0" total="2" passed="2">
  <reporter-output>
  </reporter-output>
  <suite name="CLP Application Test Automation suite" duration-ms="42920" started-at="2018-08-21T05:06:59Z" finished-at="2018-08-21T05:07:42Z">
    <groups>
    </groups>
    <test name="CLP App Test Cases" duration-ms="42920" started-at="2018-08-21T05:06:59Z" finished-at="2018-08-21T05:07:42Z">
      <class name="com.qa.cpl.test.LoginPageTest">
        <test-method status="PASS" signature="setUp()[pri:0, instance:com.qa.cpl.test.LoginPageTest@5c3bd550]" name="setUp" is-config="true" duration-ms="27488" started-at="2018-08-21T05:06:59Z" finished-at="2018-08-21T05:07:26Z">
          <reporter-output>
          </reporter-output>
        </test-method> <!-- setUp -->
        <test-method status="PASS" signature="loginPageTitleTest()[pri:1, instance:com.qa.cpl.test.LoginPageTest@5c3bd550]" name="loginPageTitleTest" duration-ms="21" started-at="2018-08-21T05:07:26Z" finished-at="2018-08-21T05:07:26Z">
          <reporter-output>
          </reporter-output>
        </test-method> <!-- loginPageTitleTest -->
        <test-method status="PASS" signature="tearDown()[pri:0, instance:com.qa.cpl.test.LoginPageTest@5c3bd550]" name="tearDown" is-config="true" duration-ms="898" started-at="2018-08-21T05:07:26Z" finished-at="2018-08-21T05:07:27Z">
          <reporter-output>
          </reporter-output>
        </test-method> <!-- tearDown -->
        <test-method status="PASS" signature="setUp()[pri:0, instance:com.qa.cpl.test.LoginPageTest@5c3bd550]" name="setUp" is-config="true" duration-ms="13340" started-at="2018-08-21T05:07:27Z" finished-at="2018-08-21T05:07:41Z">
          <reporter-output>
          </reporter-output>
        </test-method> <!-- setUp -->
        <test-method status="PASS" signature="loginTest()[pri:3, instance:com.qa.cpl.test.LoginPageTest@5c3bd550]" name="loginTest" duration-ms="331" started-at="2018-08-21T05:07:41Z" finished-at="2018-08-21T05:07:41Z">
          <reporter-output>
          </reporter-output>
        </test-method> <!-- loginTest -->
        <test-method status="PASS" signature="tearDown()[pri:0, instance:com.qa.cpl.test.LoginPageTest@5c3bd550]" name="tearDown" is-config="true" duration-ms="790" started-at="2018-08-21T05:07:41Z" finished-at="2018-08-21T05:07:42Z">
          <reporter-output>
          </reporter-output>
        </test-method> <!-- tearDown -->
      </class> <!-- com.qa.cpl.test.LoginPageTest -->
    </test> <!-- CLP App Test Cases -->
  </suite> <!-- CLP Application Test Automation suite -->
</testng-results>
