<?xml version="1.0" encoding="UTF-8"?>
<!-- Generated by org.testng.reporters.JUnitXMLReporter -->
<testsuite hostname="EIHQSYS48354L" ignored="0" name="CLP App Test Cases" tests="5" failures="1" timestamp="22 Aug 2018 06:09:46 GMT" time="50.275" errors="0">
  <testcase name="loginPageTitleTest" time="0.019" classname="com.qa.cpl.test.LoginPageTest"/>
  <testcase name="cancelbtnClickTest" time="2.093" classname="com.qa.cpl.test.HomePageTest"/>
  <testcase name="verifyHomePageTitleTest" time="0.007" classname="com.qa.cpl.test.HomePageTest">
    <failure type="java.lang.AssertionError" message="expected [Customer Pane] but found [Customer Panel]">
      <![CDATA[java.lang.AssertionError: expected [Customer Pane] but found [Customer Panel]
at com.qa.cpl.test.HomePageTest.verifyHomePageTitleTest(HomePageTest.java:40)
... Removed 31 stack frames]]>
    </failure>
  </testcase> <!-- verifyHomePageTitleTest -->
  <testcase name="loginTest" time="0.18" classname="com.qa.cpl.test.LoginPageTest"/>
  <testcase name="clickOnProfileLinksTest" time="1.3" classname="com.qa.cpl.test.HomePageTest"/>
</testsuite> <!-- CLP App Test Cases -->
